#
# There is insufficient memory for the Java Runtime Environment to continue.
# Native memory allocation (mmap) failed to map 134217728 bytes for Failed to commit area from 0x0000000081e00000 to 0x0000000089e00000 of length 134217728.
# Possible reasons:
#   The system is out of physical RAM or swap space
#   The process is running with CompressedOops enabled, and the Java Heap may be blocking the growth of the native heap
# Possible solutions:
#   Reduce memory load on the system
#   Increase physical memory or swap space
#   Check if swap backing store is full
#   Decrease Java heap size (-Xmx/-Xms)
#   Decrease number of Java threads
#   Decrease Java thread stack sizes (-Xss)
#   Set larger code cache with -XX:ReservedCodeCacheSize=
# This output file may be truncated or incomplete.
#
#  Out of Memory Error (t:/workspace/open/src/hotspot/os/windows/os_windows.cpp:3301), pid=10872, tid=7328
#
# JRE version:  (13.0.2+8) (build )
# Java VM: Java HotSpot(TM) 64-Bit Server VM (13.0.2+8, mixed mode, aot, sharing, tiered, compressed oops, g1 gc, windows-amd64)
# No core dump will be written. Minidumps are not enabled by default on client versions of Windows
#

---------------  S U M M A R Y ------------

Command Line: -Dcom.sun.management.jmxremote -Dcom.sun.management.jmxremote.port=55613 -Dcom.sun.management.jmxremote.authenticate=false -Dcom.sun.management.jmxremote.ssl=false -Djava.rmi.server.hostname=localhost -Dspring.jmx.enabled=true -Dspring.application.admin.enabled=true -Xverify:none -XX:TieredStopAtLevel=1 -Dspring.boot.project.name=spring-redis-cache-lettuce-master -Dfile.encoding=UTF-8 com.ejemplos.redis.springrediscache.SpringRedisCacheApplication --spring.output.ansi.enabled=always

Host: Intel(R) Core(TM) i5-3330 CPU @ 3.00GHz, 4 cores, 7G,  Windows 10 , 64 bit Build 18362 (10.0.18362.1110)
Time: Mon Nov  9 16:34:04 2020 Hora estándar de Argentina elapsed time: 0 seconds (0d 0h 0m 0s)

---------------  T H R E A D  ---------------

Current thread (0x000002307a95b800):  JavaThread "Unknown thread" [_thread_in_vm, id=7328, stack(0x000000925cc00000,0x000000925cd00000)]

Stack: [0x000000925cc00000,0x000000925cd00000]
Native frames: (J=compiled Java code, j=interpreted, Vv=VM code, C=native code)
V  [jvm.dll+0x624f9a]
V  [jvm.dll+0x770cfa]
V  [jvm.dll+0x7724af]
V  [jvm.dll+0x772ab3]
V  [jvm.dll+0x24bf08]
V  [jvm.dll+0x6222aa]
V  [jvm.dll+0x6170b5]
V  [jvm.dll+0x30a88c]
V  [jvm.dll+0x30a6c2]
V  [jvm.dll+0x30fe36]
V  [jvm.dll+0x353f46]
V  [jvm.dll+0x353720]
V  [jvm.dll+0x2e550a]
V  [jvm.dll+0x2e67a2]
V  [jvm.dll+0x74dd78]
V  [jvm.dll+0x361989]
V  [jvm.dll+0x730e65]
V  [jvm.dll+0x3cc53f]
V  [jvm.dll+0x3ce861]
C  [jli.dll+0x51ff]
C  [ucrtbase.dll+0x210b2]
C  [KERNEL32.DLL+0x17c24]
C  [ntdll.dll+0x6cea1]


---------------  P R O C E S S  ---------------

Threads class SMR info:
_java_thread_list=0x00007ffe2f36ccb8, length=0, elements={
}

Java Threads: ( => current thread )

Other Threads:
  0x000002307a99e800 GCTaskThread "GC Thread#0" [stack: 0x000000925cd00000,0x000000925ce00000] [id=7472]
  0x000002307a9b0000 ConcurrentGCThread "G1 Main Marker" [stack: 0x000000925ce00000,0x000000925cf00000] [id=1416]
  0x000002307a9b2000 ConcurrentGCThread "G1 Conc#0" [stack: 0x000000925cf00000,0x000000925d000000] [id=10916]

[error occurred during error reporting (printing all threads), id 0xc0000005, EXCEPTION_ACCESS_VIOLATION (0xc0000005) at pc=0x00007ffe2eba51d7]

VM state:not at safepoint (not fully initialized)

VM Mutex/Monitor currently owned by a thread:  ([mutex/lock_event])
[0x000002307a957800] Heap_lock - owner thread: 0x000002307a95b800

Heap address: 0x0000000081e00000, size: 2018 MB, Compressed Oops mode: Non-zero based: 0x0000000081e00000
Narrow klass base: 0x0000000000000000, Narrow klass shift: 0

GC Heap History (0 events):
No events

Deoptimization events (0 events):
No events

Classes unloaded (0 events):
No events

Classes redefined (0 events):
No events

Internal exceptions (0 events):
No events

Events (8 events):
Event: 0.020 Loaded shared library C:\javaEclipseJdk\jdk-13.0.2_windows-x64_bin\jdk-13.0.2\bin\zip.dll
Event: 0.020 Loaded shared library C:\javaEclipseJdk\jdk-13.0.2_windows-x64_bin\jdk-13.0.2\bin\jimage.dll
Event: 0.022 Loading shared library C:\javaEclipseJdk\jdk-13.0.2_windows-x64_bin\jdk-13.0.2\lib\libjava.base-coop.dll failed, error code 126
Event: 0.022 Loading shared library C:\javaEclipseJdk\jdk-13.0.2_windows-x64_bin\jdk-13.0.2\lib\libjava.logging-coop.dll failed, error code 126
Event: 0.022 Loading shared library C:\javaEclipseJdk\jdk-13.0.2_windows-x64_bin\jdk-13.0.2\lib\libjdk.compiler-coop.dll failed, error code 126
Event: 0.022 Loading shared library C:\javaEclipseJdk\jdk-13.0.2_windows-x64_bin\jdk-13.0.2\lib\libjdk.scripting.nashorn-coop.dll failed, error code 126
Event: 0.022 Loading shared library C:\javaEclipseJdk\jdk-13.0.2_windows-x64_bin\jdk-13.0.2\lib\libjdk.internal.vm.ci-coop.dll failed, error code 126
Event: 0.022 Loading shared library C:\javaEclipseJdk\jdk-13.0.2_windows-x64_bin\jdk-13.0.2\lib\libjdk.internal.vm.compiler-coop.dll failed, error code 126


Dynamic libraries:
0x00007ff723750000 - 0x00007ff72375f000 	C:\javaEclipseJdk\jdk-13.0.2_windows-x64_bin\jdk-13.0.2\bin\javaw.exe
0x00007ffe86ec0000 - 0x00007ffe870b0000 	C:\WINDOWS\SYSTEM32\ntdll.dll
0x00007ffe86230000 - 0x00007ffe862e2000 	C:\WINDOWS\System32\KERNEL32.DLL
0x00007ffe84980000 - 0x00007ffe84c25000 	C:\WINDOWS\System32\KERNELBASE.dll
0x00007ffe84e20000 - 0x00007ffe84f1a000 	C:\WINDOWS\System32\ucrtbase.dll
0x00007ffe73690000 - 0x00007ffe736a8000 	C:\javaEclipseJdk\jdk-13.0.2_windows-x64_bin\jdk-13.0.2\bin\jli.dll
0x00007ffe868c0000 - 0x00007ffe86963000 	C:\WINDOWS\System32\ADVAPI32.dll
0x00007ffe85800000 - 0x00007ffe8589e000 	C:\WINDOWS\System32\msvcrt.dll
0x00007ffe86970000 - 0x00007ffe86a07000 	C:\WINDOWS\System32\sechost.dll
0x00007ffe84fd0000 - 0x00007ffe850f0000 	C:\WINDOWS\System32\RPCRT4.dll
0x00007ffe862f0000 - 0x00007ffe86484000 	C:\WINDOWS\System32\USER32.dll
0x00007ffe84f20000 - 0x00007ffe84f41000 	C:\WINDOWS\System32\win32u.dll
0x00007ffe85d00000 - 0x00007ffe85d26000 	C:\WINDOWS\System32\GDI32.dll
0x00007ffe78c00000 - 0x00007ffe78c15000 	C:\javaEclipseJdk\jdk-13.0.2_windows-x64_bin\jdk-13.0.2\bin\VCRUNTIME140.dll
0x00007ffe83eb0000 - 0x00007ffe84046000 	C:\WINDOWS\System32\gdi32full.dll
0x00007ffe840b0000 - 0x00007ffe8414e000 	C:\WINDOWS\System32\msvcp_win.dll
0x00007ffe75dc0000 - 0x00007ffe76044000 	C:\WINDOWS\WinSxS\amd64_microsoft.windows.common-controls_6595b64144ccf1df_6.0.18362.1139_none_9e7bf2d3e4605ac6\COMCTL32.dll
0x00007ffe86490000 - 0x00007ffe867c5000 	C:\WINDOWS\System32\combase.dll
0x00007ffe84d80000 - 0x00007ffe84e00000 	C:\WINDOWS\System32\bcryptPrimitives.dll
0x00007ffe7bc50000 - 0x00007ffe7bc5a000 	C:\WINDOWS\SYSTEM32\VERSION.dll
0x00007ffe86200000 - 0x00007ffe8622e000 	C:\WINDOWS\System32\IMM32.DLL
0x00007ffe56820000 - 0x00007ffe568bb000 	C:\javaEclipseJdk\jdk-13.0.2_windows-x64_bin\jdk-13.0.2\bin\msvcp140.dll
0x00007ffe2e8b0000 - 0x00007ffe2f40d000 	C:\javaEclipseJdk\jdk-13.0.2_windows-x64_bin\jdk-13.0.2\bin\server\jvm.dll
0x00007ffe857e0000 - 0x00007ffe857e8000 	C:\WINDOWS\System32\PSAPI.DLL
0x00007ffe7eb10000 - 0x00007ffe7eb19000 	C:\WINDOWS\SYSTEM32\WSOCK32.dll
0x00007ffe867d0000 - 0x00007ffe8683f000 	C:\WINDOWS\System32\WS2_32.dll
0x00007ffe81e90000 - 0x00007ffe81eb4000 	C:\WINDOWS\SYSTEM32\WINMM.dll
0x00007ffe81d60000 - 0x00007ffe81d8d000 	C:\WINDOWS\SYSTEM32\WINMMBASE.dll
0x00007ffe84f50000 - 0x00007ffe84f9a000 	C:\WINDOWS\System32\cfgmgr32.dll
0x00007ffe83e90000 - 0x00007ffe83ea1000 	C:\WINDOWS\System32\kernel.appcore.dll
0x00007ffe7cbb0000 - 0x00007ffe7cbc0000 	C:\javaEclipseJdk\jdk-13.0.2_windows-x64_bin\jdk-13.0.2\bin\verify.dll
0x00007ffe75830000 - 0x00007ffe75a24000 	C:\WINDOWS\SYSTEM32\DBGHELP.DLL
0x00007ffe74260000 - 0x00007ffe7428a000 	C:\WINDOWS\SYSTEM32\dbgcore.DLL
0x00007ffe71430000 - 0x00007ffe71456000 	C:\javaEclipseJdk\jdk-13.0.2_windows-x64_bin\jdk-13.0.2\bin\java.dll
0x00007ffe715c0000 - 0x00007ffe715d7000 	C:\javaEclipseJdk\jdk-13.0.2_windows-x64_bin\jdk-13.0.2\bin\zip.dll
0x00007ffe7cb70000 - 0x00007ffe7cb7a000 	C:\javaEclipseJdk\jdk-13.0.2_windows-x64_bin\jdk-13.0.2\bin\jimage.dll

dbghelp: loaded successfully - version: 4.0.5 - missing functions: none
symbol engine: initialized successfully - sym options: 0x614 - pdb path: .;C:\javaEclipseJdk\jdk-13.0.2_windows-x64_bin\jdk-13.0.2\bin;C:\WINDOWS\SYSTEM32;C:\WINDOWS\WinSxS\amd64_microsoft.windows.common-controls_6595b64144ccf1df_6.0.18362.1139_none_9e7bf2d3e4605ac6;C:\javaEclipseJdk\jdk-13.0.2_windows-x64_bin\jdk-13.0.2\bin\server

VM Arguments:
jvm_args: -Dcom.sun.management.jmxremote -Dcom.sun.management.jmxremote.port=55613 -Dcom.sun.management.jmxremote.authenticate=false -Dcom.sun.management.jmxremote.ssl=false -Djava.rmi.server.hostname=localhost -Dspring.jmx.enabled=true -Dspring.application.admin.enabled=true -Xverify:none -XX:TieredStopAtLevel=1 -Dspring.boot.project.name=spring-redis-cache-lettuce-master -Dfile.encoding=UTF-8 
java_command: com.ejemplos.redis.springrediscache.SpringRedisCacheApplication --spring.output.ansi.enabled=always
java_class_path (initial): C:\source\spring-redis-cache-lettuce-master\target\classes;C:\Users\Casa\.m2\repository\org\springframework\boot\spring-boot-starter-data-redis\2.3.5.RELEASE\spring-boot-starter-data-redis-2.3.5.RELEASE.jar;C:\Users\Casa\.m2\repository\org\springframework\boot\spring-boot-starter\2.3.5.RELEASE\spring-boot-starter-2.3.5.RELEASE.jar;C:\Users\Casa\.m2\repository\org\springframework\boot\spring-boot\2.3.5.RELEASE\spring-boot-2.3.5.RELEASE.jar;C:\Users\Casa\.m2\repository\org\springframework\boot\spring-boot-autoconfigure\2.3.5.RELEASE\spring-boot-autoconfigure-2.3.5.RELEASE.jar;C:\Users\Casa\.m2\repository\org\springframework\boot\spring-boot-starter-logging\2.3.5.RELEASE\spring-boot-starter-logging-2.3.5.RELEASE.jar;C:\Users\Casa\.m2\repository\ch\qos\logback\logback-classic\1.2.3\logback-classic-1.2.3.jar;C:\Users\Casa\.m2\repository\ch\qos\logback\logback-core\1.2.3\logback-core-1.2.3.jar;C:\Users\Casa\.m2\repository\org\apache\logging\log4j\log4j-to-slf4j\2.13.3\log4j-to-slf4j-2.13.3.jar;C:\Users\Casa\.m2\repository\org\apache\logging\log4j\log4j-api\2.13.3\log4j-api-2.13.3.jar;C:\Users\Casa\.m2\repository\org\slf4j\jul-to-slf4j\1.7.30\jul-to-slf4j-1.7.30.jar;C:\Users\Casa\.m2\repository\jakarta\annotation\jakarta.annotation-api\1.3.5\jakarta.annotation-api-1.3.5.jar;C:\Users\Casa\.m2\repository\org\yaml\snakeyaml\1.26\snakeyaml-1.26.jar;C:\Users\Casa\.m2\repository\org\springframework\data\spring-data-redis\2.3.5.RELEASE\spring-data-redis-2.3.5.RELEASE.jar;C:\Users\Casa\.m2\repository\org\springframework\data\spring-data-keyvalue\2.3.5.RELEASE\spring-data-keyvalue-2.3.5.RELEASE.jar;C:\Users\Casa\.m2\repository\org\springframework\spring-tx\5.2.10.RELEASE\spring-tx-5.2.10.RELEASE.jar;C:\Users\Casa\.m2\repository\org\springframework\spring-oxm\5.2.10.RELEASE\spring-oxm-5.2.10.RELEASE.jar;C:\Users\Casa\.m2\repository\org\springframework\spring-aop\5.2.10.RELEASE\spring-aop-5.2.10.RELEASE.jar;C:\Users\Casa\.m2\repository\org\springframework
Launcher Type: SUN_STANDARD

[Global flags]
     intx CICompilerCount                          = 3                                         {product} {ergonomic}
     uint ConcGCThreads                            = 1                                         {product} {ergonomic}
     uint G1ConcRefinementThreads                  = 4                                         {product} {ergonomic}
   size_t G1HeapRegionSize                         = 1048576                                   {product} {ergonomic}
    uintx GCDrainStackTargetSize                   = 64                                        {product} {ergonomic}
   size_t InitialHeapSize                          = 134217728                                 {product} {ergonomic}
     bool ManagementServer                         = true                                      {product} {command line}
   size_t MarkStackSize                            = 4194304                                   {product} {ergonomic}
   size_t MaxHeapSize                              = 2116026368                                {product} {ergonomic}
   size_t MinHeapDeltaBytes                        = 1048576                                   {product} {ergonomic}
   size_t MinHeapSize                              = 8388608                                   {product} {ergonomic}
    uintx NonNMethodCodeHeapSize                   = 6973028                                {pd product} {ergonomic}
    uintx NonProfiledCodeHeapSize                  = 244685212                              {pd product} {ergonomic}
    uintx ProfiledCodeHeapSize                     = 0                                      {pd product} {ergonomic}
    uintx ReservedCodeCacheSize                    = 251658240                              {pd product} {ergonomic}
     bool SegmentedCodeCache                       = true                                      {product} {ergonomic}
   size_t SoftMaxHeapSize                          = 2116026368                             {manageable} {ergonomic}
     intx TieredStopAtLevel                        = 1                                         {product} {command line}
     bool UseCompressedClassPointers               = true                                 {lp64_product} {ergonomic}
     bool UseCompressedOops                        = true                                 {lp64_product} {ergonomic}
     bool UseG1GC                                  = true                                      {product} {ergonomic}
     bool UseLargePagesIndividualAllocation        = false                                  {pd product} {ergonomic}

Logging:
Log output configuration:
 #0: stdout all=warning uptime,level,tags
 #1: stderr all=off uptime,level,tags

Environment Variables:
JAVA_HOME=C:\javaEclipseJdk\jdk-13.0.2_windows-x64_bin\jdk-13.0.2
PATH=C:\Program Files (x86)\Common Files\Oracle\Java\javapath;C:\WINDOWS\system32;C:\WINDOWS;C:\WINDOWS\System32\Wbem;C:\WINDOWS\System32\WindowsPowerShell\v1.0\;C:\javaEclipseJdk\jdk-13.0.2_windows-x64_bin\jdk-13.0.2\bin;C:\javaEclipseJdk\apache-maven-3.6.3-bin\apache-maven-3.6.3\bin;C:\software\apache-tomcat-8.5.54\bin;C:\Program Files\Git\cmd;C:\WINDOWS\System32\OpenSSH\;C:\Program Files\Microchip\xc16\v1.50\bin;C:\Users\Casa\Desktop\vault2;;C:\Program Files\Docker\Docker\resources\bin;C:\ProgramData\DockerDesktop\version-bin;C:\Users\Casa\AppData\Local\Programs\Microsoft VS Code\bin;C:\Users\Casa\AppData\Local\GitHubDesktop\bin;C:\Users\Casa\AppData\Roaming\npm;%USERPROFILE%\AppData\Local\Microsoft\WindowsApps;
USERNAME=Casa
OS=Windows_NT
PROCESSOR_IDENTIFIER=Intel64 Family 6 Model 58 Stepping 9, GenuineIntel



---------------  S Y S T E M  ---------------

OS: Windows 10 , 64 bit Build 18362 (10.0.18362.1110)
HyperV virtualization detected

CPU:total 4 (initial active 4) (4 cores per cpu, 1 threads per core) family 6 model 58 stepping 9, cmov, cx8, fxsr, mmx, sse, sse2, sse3, ssse3, sse4.1, sse4.2, popcnt, avx, aes, clmul, erms, tsc, tscinvbit, tscinv

Memory: 4k page, system-wide physical 8068M (911M free)
TotalPageFile size 8068M (AvailPageFile size 82M)
current process WorkingSet (physical memory assigned to process): 10M, peak: 10M
current process commit charge ("private bytes"): 49M, peak: 177M

vm_info: Java HotSpot(TM) 64-Bit Server VM (13.0.2+8) for windows-amd64 JRE (13.0.2+8), built on Dec 11 2019 09:20:33 by "mach5one" with unknown MS VC++:1916

END.
